Terminals unused in grammar

   chr
   GspnName


Grammar

    0 $accept: GSPN "end of file"

    1 IntStringFormula: ival
    2                 | str
    3                 | LB IntStringFormula RB
    4                 | IntStringFormula PLUS IntStringFormula
    5                 | IntStringFormula MINUS IntStringFormula
    6                 | IntStringFormula MUL IntStringFormula
    7                 | IntStringFormula POWER IntStringFormula
    8                 | ABS LB IntStringFormula RB
    9                 | FLOOR LB IntStringFormula RB
   10                 | FLOOR LB IntStringFormula DIV IntStringFormula RB
   11                 | MIN LB IntStringFormula COMMA IntStringFormula RB
   12                 | MAX LB IntStringFormula COMMA IntStringFormula RB

   13 RealStringFormula: rval
   14                  | ival
   15                  | str
   16                  | LB RealStringFormula RB
   17                  | RealStringFormula DIV RealStringFormula
   18                  | RealStringFormula PLUS RealStringFormula
   19                  | RealStringFormula MINUS RealStringFormula
   20                  | RealStringFormula MUL RealStringFormula
   21                  | RealStringFormula POWER RealStringFormula
   22                  | ABS LB RealStringFormula RB
   23                  | FLOOR LB RealStringFormula RB
   24                  | MIN LB RealStringFormula COMMA RealStringFormula RB
   25                  | MAX LB RealStringFormula COMMA RealStringFormula RB

   26 GSPN: declarations definitions
   27     | declarations definitions redifinitions

   28 declarations: Constants Sizes Lists
   29             | Sizes Lists

   30 Constants: Constant
   31          | Constant Constants

   32 Sizes: NbPlaces NbTransitions
   33      | NbTransitions NbPlaces

   34 Constant: Const INT str EQ IntStringFormula SEMICOLON
   35         | Const DOUBLE str EQ RealStringFormula SEMICOLON

   36 Lists: PlacesList TransitionsList
   37      | TransitionsList PlacesList

   38 NbPlaces: NbPl EQ ival SEMICOLON
   39         | NbPl EQ str SEMICOLON

   40 NbTransitions: NbTr EQ ival SEMICOLON
   41              | NbTr EQ str SEMICOLON

   42 PlacesList: PList EQ '{' PLabels '}' SEMICOLON

   43 PLabels: str
   44        | PLabels COMMA str

   45 TransitionsList: TList EQ '{' TLabels '}' SEMICOLON

   46 TLabels: str
   47        | TLabels COMMA str

   48 definitions: PlacesDef TransitionsDef InArcs OutArcs
   49            | PlacesDef TransitionsDef InArcs OutArcs Inhibitors

   50 PlacesDef: marking EQ '{' PLACES '}' SEMICOLON

   51 PLACES: PLACE
   52       | PLACES PLACE

   53 PLACE: LB str COMMA IntStringFormula RB SEMICOLON

   54 TransitionsDef: transitions EQ '{' TRANSITIONS '}' SEMICOLON

   55 TRANSITIONS: TRANSITION
   56            | TRANSITIONS TRANSITION

   57 TRANSITION: LB str COMMA dist COMMA PRIORITY COMMA WEIGHT RB SEMICOLON
   58           | LB str COMMA dist COMMA PRIORITY COMMA WEIGHT COMMA MEMORY RB SEMICOLON
   59           | LB str COMMA EXPO LB RealStringFormula RB COMMA PRIORITY COMMA WEIGHT COMMA SERVICE RB SEMICOLON
   60           | LB str COMMA EXPO LB RealStringFormula RB COMMA PRIORITY COMMA WEIGHT COMMA SERVICE COMMA MEMORY RB SEMICOLON
   61           | LB str COMMA IMDT COMMA PRIORITY COMMA WEIGHT RB SEMICOLON

   62 WEIGHT: RealStringFormula

   63 PRIORITY: RealStringFormula

   64 SERVICE: SINGLE
   65        | INFINITE
   66        | MULTIPLE LB ival RB
   67        | MULTIPLE LB str RB

   68 MEMORY: AGEMEMORY
   69       | ENABLINGMEMORY

   70 dist: str LB params RB

   71 params: param
   72       | params COMMA param

   73 param: RealStringFormula

   74 InArcs: in EQ '{' incells '}' SEMICOLON

   75 incells: incell
   76        | incells incell

   77 incell: LB str COMMA str COMMA IntStringFormula RB SEMICOLON
   78       | LB str COMMA str RB SEMICOLON

   79 OutArcs: out EQ '{' outcells '}' SEMICOLON

   80 outcells: outcell
   81         | outcells outcell

   82 outcell: LB str COMMA str COMMA IntStringFormula RB SEMICOLON
   83        | LB str COMMA str RB SEMICOLON

   84 Inhibitors: inhibitor EQ '{' inhibcells '}' SEMICOLON

   85 inhibcells: inhibcell
   86           | inhibcells inhibcell

   87 inhibcell: LB str COMMA str COMMA IntStringFormula RB SEMICOLON
   88          | LB str COMMA str RB SEMICOLON

   89 redifinitions: TransitionsDef


Terminals, with rules where they appear

"end of file" (0) 0
'{' (123) 42 45 50 54 74 79 84
'}' (125) 42 45 50 54 74 79 84
error (256)
str (258) 2 15 34 35 39 41 43 44 46 47 53 57 58 59 60 61 67 70 77 78
    82 83 87 88
chr (259)
rval (260) 13
ival (261) 1 14 38 40 66
SEMICOLON (262) 34 35 38 39 40 41 42 45 50 53 54 57 58 59 60 61 74
    77 78 79 82 83 84 87 88
COMMA (263) 11 12 24 25 44 47 53 57 58 59 60 61 72 77 78 82 83 87 88
LB (264) 3 8 9 10 11 12 16 22 23 24 25 53 57 58 59 60 61 66 67 70 77
    78 82 83 87 88
RB (265) 3 8 9 10 11 12 16 22 23 24 25 53 57 58 59 60 61 66 67 70 77
    78 82 83 87 88
EQ (266) 34 35 38 39 40 41 42 45 50 54 74 79 84
DIV (267) 10 17
MUL (268) 6 20
PLUS (269) 4 18
MINUS (270) 5 19
POWER (271) 7 21
GspnName (272)
NbPl (273) 38 39
NbTr (274) 40 41
PList (275) 42
TList (276) 45
in (277) 74
out (278) 79
marking (279) 50
transitions (280) 54
Const (281) 34 35
INT (282) 34
DOUBLE (283) 35
inhibitor (284) 84
MIN (285) 11 24
MAX (286) 12 25
FLOOR (287) 9 10 23
ABS (288) 8 22
SINGLE (289) 64
INFINITE (290) 65
MULTIPLE (291) 66 67
ENABLINGMEMORY (292) 69
AGEMEMORY (293) 68
IMDT (294) 61
EXPO (295) 59 60


Nonterminals, with rules where they appear

$accept (43)
    on left: 0
IntStringFormula (44)
    on left: 1 2 3 4 5 6 7 8 9 10 11 12, on right: 3 4 5 6 7 8 9 10
    11 12 34 53 77 82 87
RealStringFormula (45)
    on left: 13 14 15 16 17 18 19 20 21 22 23 24 25, on right: 16 17
    18 19 20 21 22 23 24 25 35 59 60 62 63 73
GSPN (46)
    on left: 26 27, on right: 0
declarations (47)
    on left: 28 29, on right: 26 27
Constants (48)
    on left: 30 31, on right: 28 31
Sizes (49)
    on left: 32 33, on right: 28 29
Constant (50)
    on left: 34 35, on right: 30 31
Lists (51)
    on left: 36 37, on right: 28 29
NbPlaces (52)
    on left: 38 39, on right: 32 33
NbTransitions (53)
    on left: 40 41, on right: 32 33
PlacesList (54)
    on left: 42, on right: 36 37
PLabels (55)
    on left: 43 44, on right: 42 44
TransitionsList (56)
    on left: 45, on right: 36 37
TLabels (57)
    on left: 46 47, on right: 45 47
definitions (58)
    on left: 48 49, on right: 26 27
PlacesDef (59)
    on left: 50, on right: 48 49
PLACES (60)
    on left: 51 52, on right: 50 52
PLACE (61)
    on left: 53, on right: 51 52
TransitionsDef (62)
    on left: 54, on right: 48 49 89
TRANSITIONS (63)
    on left: 55 56, on right: 54 56
TRANSITION (64)
    on left: 57 58 59 60 61, on right: 55 56
WEIGHT (65)
    on left: 62, on right: 57 58 59 60 61
PRIORITY (66)
    on left: 63, on right: 57 58 59 60 61
SERVICE (67)
    on left: 64 65 66 67, on right: 59 60
MEMORY (68)
    on left: 68 69, on right: 58 60
dist (69)
    on left: 70, on right: 57 58
params (70)
    on left: 71 72, on right: 70 72
param (71)
    on left: 73, on right: 71 72
InArcs (72)
    on left: 74, on right: 48 49
incells (73)
    on left: 75 76, on right: 74 76
incell (74)
    on left: 77 78, on right: 75 76
OutArcs (75)
    on left: 79, on right: 48 49
outcells (76)
    on left: 80 81, on right: 79 81
outcell (77)
    on left: 82 83, on right: 80 81
Inhibitors (78)
    on left: 84, on right: 49
inhibcells (79)
    on left: 85 86, on right: 84 86
inhibcell (80)
    on left: 87 88, on right: 85 86
redifinitions (81)
    on left: 89, on right: 27


state 0

    0 $accept: . GSPN "end of file"

    NbPl   shift, and go to state 1
    NbTr   shift, and go to state 2
    Const  shift, and go to state 3

    GSPN           go to state 4
    declarations   go to state 5
    Constants      go to state 6
    Sizes          go to state 7
    Constant       go to state 8
    NbPlaces       go to state 9
    NbTransitions  go to state 10


state 1

   38 NbPlaces: NbPl . EQ ival SEMICOLON
   39         | NbPl . EQ str SEMICOLON

    EQ  shift, and go to state 11


state 2

   40 NbTransitions: NbTr . EQ ival SEMICOLON
   41              | NbTr . EQ str SEMICOLON

    EQ  shift, and go to state 12


state 3

   34 Constant: Const . INT str EQ IntStringFormula SEMICOLON
   35         | Const . DOUBLE str EQ RealStringFormula SEMICOLON

    INT     shift, and go to state 13
    DOUBLE  shift, and go to state 14


state 4

    0 $accept: GSPN . "end of file"

    "end of file"  shift, and go to state 15


state 5

   26 GSPN: declarations . definitions
   27     | declarations . definitions redifinitions

    marking  shift, and go to state 16

    definitions  go to state 17
    PlacesDef    go to state 18


state 6

   28 declarations: Constants . Sizes Lists

    NbPl  shift, and go to state 1
    NbTr  shift, and go to state 2

    Sizes          go to state 19
    NbPlaces       go to state 9
    NbTransitions  go to state 10


state 7

   29 declarations: Sizes . Lists

    PList  shift, and go to state 20
    TList  shift, and go to state 21

    Lists            go to state 22
    PlacesList       go to state 23
    TransitionsList  go to state 24


state 8

   30 Constants: Constant .
   31          | Constant . Constants

    Const  shift, and go to state 3

    $default  reduce using rule 30 (Constants)

    Constants  go to state 25
    Constant   go to state 8


state 9

   32 Sizes: NbPlaces . NbTransitions

    NbTr  shift, and go to state 2

    NbTransitions  go to state 26


state 10

   33 Sizes: NbTransitions . NbPlaces

    NbPl  shift, and go to state 1

    NbPlaces  go to state 27


state 11

   38 NbPlaces: NbPl EQ . ival SEMICOLON
   39         | NbPl EQ . str SEMICOLON

    str   shift, and go to state 28
    ival  shift, and go to state 29


state 12

   40 NbTransitions: NbTr EQ . ival SEMICOLON
   41              | NbTr EQ . str SEMICOLON

    str   shift, and go to state 30
    ival  shift, and go to state 31


state 13

   34 Constant: Const INT . str EQ IntStringFormula SEMICOLON

    str  shift, and go to state 32


state 14

   35 Constant: Const DOUBLE . str EQ RealStringFormula SEMICOLON

    str  shift, and go to state 33


state 15

    0 $accept: GSPN "end of file" .

    $default  accept


state 16

   50 PlacesDef: marking . EQ '{' PLACES '}' SEMICOLON

    EQ  shift, and go to state 34


state 17

   26 GSPN: declarations definitions .
   27     | declarations definitions . redifinitions

    transitions  shift, and go to state 35

    $default  reduce using rule 26 (GSPN)

    TransitionsDef  go to state 36
    redifinitions   go to state 37


state 18

   48 definitions: PlacesDef . TransitionsDef InArcs OutArcs
   49            | PlacesDef . TransitionsDef InArcs OutArcs Inhibitors

    transitions  shift, and go to state 35

    TransitionsDef  go to state 38


state 19

   28 declarations: Constants Sizes . Lists

    PList  shift, and go to state 20
    TList  shift, and go to state 21

    Lists            go to state 39
    PlacesList       go to state 23
    TransitionsList  go to state 24


state 20

   42 PlacesList: PList . EQ '{' PLabels '}' SEMICOLON

    EQ  shift, and go to state 40


state 21

   45 TransitionsList: TList . EQ '{' TLabels '}' SEMICOLON

    EQ  shift, and go to state 41


state 22

   29 declarations: Sizes Lists .

    $default  reduce using rule 29 (declarations)


state 23

   36 Lists: PlacesList . TransitionsList

    TList  shift, and go to state 21

    TransitionsList  go to state 42


state 24

   37 Lists: TransitionsList . PlacesList

    PList  shift, and go to state 20

    PlacesList  go to state 43


state 25

   31 Constants: Constant Constants .

    $default  reduce using rule 31 (Constants)


state 26

   32 Sizes: NbPlaces NbTransitions .

    $default  reduce using rule 32 (Sizes)


state 27

   33 Sizes: NbTransitions NbPlaces .

    $default  reduce using rule 33 (Sizes)


state 28

   39 NbPlaces: NbPl EQ str . SEMICOLON

    SEMICOLON  shift, and go to state 44


state 29

   38 NbPlaces: NbPl EQ ival . SEMICOLON

    SEMICOLON  shift, and go to state 45


state 30

   41 NbTransitions: NbTr EQ str . SEMICOLON

    SEMICOLON  shift, and go to state 46


state 31

   40 NbTransitions: NbTr EQ ival . SEMICOLON

    SEMICOLON  shift, and go to state 47


state 32

   34 Constant: Const INT str . EQ IntStringFormula SEMICOLON

    EQ  shift, and go to state 48


state 33

   35 Constant: Const DOUBLE str . EQ RealStringFormula SEMICOLON

    EQ  shift, and go to state 49


state 34

   50 PlacesDef: marking EQ . '{' PLACES '}' SEMICOLON

    '{'  shift, and go to state 50


state 35

   54 TransitionsDef: transitions . EQ '{' TRANSITIONS '}' SEMICOLON

    EQ  shift, and go to state 51


state 36

   89 redifinitions: TransitionsDef .

    $default  reduce using rule 89 (redifinitions)


state 37

   27 GSPN: declarations definitions redifinitions .

    $default  reduce using rule 27 (GSPN)


state 38

   48 definitions: PlacesDef TransitionsDef . InArcs OutArcs
   49            | PlacesDef TransitionsDef . InArcs OutArcs Inhibitors

    in  shift, and go to state 52

    InArcs  go to state 53


state 39

   28 declarations: Constants Sizes Lists .

    $default  reduce using rule 28 (declarations)


state 40

   42 PlacesList: PList EQ . '{' PLabels '}' SEMICOLON

    '{'  shift, and go to state 54


state 41

   45 TransitionsList: TList EQ . '{' TLabels '}' SEMICOLON

    '{'  shift, and go to state 55


state 42

   36 Lists: PlacesList TransitionsList .

    $default  reduce using rule 36 (Lists)


state 43

   37 Lists: TransitionsList PlacesList .

    $default  reduce using rule 37 (Lists)


state 44

   39 NbPlaces: NbPl EQ str SEMICOLON .

    $default  reduce using rule 39 (NbPlaces)


state 45

   38 NbPlaces: NbPl EQ ival SEMICOLON .

    $default  reduce using rule 38 (NbPlaces)


state 46

   41 NbTransitions: NbTr EQ str SEMICOLON .

    $default  reduce using rule 41 (NbTransitions)


state 47

   40 NbTransitions: NbTr EQ ival SEMICOLON .

    $default  reduce using rule 40 (NbTransitions)


state 48

   34 Constant: Const INT str EQ . IntStringFormula SEMICOLON

    str    shift, and go to state 56
    ival   shift, and go to state 57
    LB     shift, and go to state 58
    MIN    shift, and go to state 59
    MAX    shift, and go to state 60
    FLOOR  shift, and go to state 61
    ABS    shift, and go to state 62

    IntStringFormula  go to state 63


state 49

   35 Constant: Const DOUBLE str EQ . RealStringFormula SEMICOLON

    str    shift, and go to state 64
    rval   shift, and go to state 65
    ival   shift, and go to state 66
    LB     shift, and go to state 67
    MIN    shift, and go to state 68
    MAX    shift, and go to state 69
    FLOOR  shift, and go to state 70
    ABS    shift, and go to state 71

    RealStringFormula  go to state 72


state 50

   50 PlacesDef: marking EQ '{' . PLACES '}' SEMICOLON

    LB  shift, and go to state 73

    PLACES  go to state 74
    PLACE   go to state 75


state 51

   54 TransitionsDef: transitions EQ . '{' TRANSITIONS '}' SEMICOLON

    '{'  shift, and go to state 76


state 52

   74 InArcs: in . EQ '{' incells '}' SEMICOLON

    EQ  shift, and go to state 77


state 53

   48 definitions: PlacesDef TransitionsDef InArcs . OutArcs
   49            | PlacesDef TransitionsDef InArcs . OutArcs Inhibitors

    out  shift, and go to state 78

    OutArcs  go to state 79


state 54

   42 PlacesList: PList EQ '{' . PLabels '}' SEMICOLON

    str  shift, and go to state 80

    PLabels  go to state 81


state 55

   45 TransitionsList: TList EQ '{' . TLabels '}' SEMICOLON

    str  shift, and go to state 82

    TLabels  go to state 83


state 56

    2 IntStringFormula: str .

    $default  reduce using rule 2 (IntStringFormula)


state 57

    1 IntStringFormula: ival .

    $default  reduce using rule 1 (IntStringFormula)


state 58

    3 IntStringFormula: LB . IntStringFormula RB

    str    shift, and go to state 56
    ival   shift, and go to state 57
    LB     shift, and go to state 58
    MIN    shift, and go to state 59
    MAX    shift, and go to state 60
    FLOOR  shift, and go to state 61
    ABS    shift, and go to state 62

    IntStringFormula  go to state 84


state 59

   11 IntStringFormula: MIN . LB IntStringFormula COMMA IntStringFormula RB

    LB  shift, and go to state 85


state 60

   12 IntStringFormula: MAX . LB IntStringFormula COMMA IntStringFormula RB

    LB  shift, and go to state 86


state 61

    9 IntStringFormula: FLOOR . LB IntStringFormula RB
   10                 | FLOOR . LB IntStringFormula DIV IntStringFormula RB

    LB  shift, and go to state 87


state 62

    8 IntStringFormula: ABS . LB IntStringFormula RB

    LB  shift, and go to state 88


state 63

    4 IntStringFormula: IntStringFormula . PLUS IntStringFormula
    5                 | IntStringFormula . MINUS IntStringFormula
    6                 | IntStringFormula . MUL IntStringFormula
    7                 | IntStringFormula . POWER IntStringFormula
   34 Constant: Const INT str EQ IntStringFormula . SEMICOLON

    SEMICOLON  shift, and go to state 89
    MUL        shift, and go to state 90
    PLUS       shift, and go to state 91
    MINUS      shift, and go to state 92
    POWER      shift, and go to state 93


state 64

   15 RealStringFormula: str .

    $default  reduce using rule 15 (RealStringFormula)


state 65

   13 RealStringFormula: rval .

    $default  reduce using rule 13 (RealStringFormula)


state 66

   14 RealStringFormula: ival .

    $default  reduce using rule 14 (RealStringFormula)


state 67

   16 RealStringFormula: LB . RealStringFormula RB

    str    shift, and go to state 64
    rval   shift, and go to state 65
    ival   shift, and go to state 66
    LB     shift, and go to state 67
    MIN    shift, and go to state 68
    MAX    shift, and go to state 69
    FLOOR  shift, and go to state 70
    ABS    shift, and go to state 71

    RealStringFormula  go to state 94


state 68

   24 RealStringFormula: MIN . LB RealStringFormula COMMA RealStringFormula RB

    LB  shift, and go to state 95


state 69

   25 RealStringFormula: MAX . LB RealStringFormula COMMA RealStringFormula RB

    LB  shift, and go to state 96


state 70

   23 RealStringFormula: FLOOR . LB RealStringFormula RB

    LB  shift, and go to state 97


state 71

   22 RealStringFormula: ABS . LB RealStringFormula RB

    LB  shift, and go to state 98


state 72

   17 RealStringFormula: RealStringFormula . DIV RealStringFormula
   18                  | RealStringFormula . PLUS RealStringFormula
   19                  | RealStringFormula . MINUS RealStringFormula
   20                  | RealStringFormula . MUL RealStringFormula
   21                  | RealStringFormula . POWER RealStringFormula
   35 Constant: Const DOUBLE str EQ RealStringFormula . SEMICOLON

    SEMICOLON  shift, and go to state 99
    DIV        shift, and go to state 100
    MUL        shift, and go to state 101
    PLUS       shift, and go to state 102
    MINUS      shift, and go to state 103
    POWER      shift, and go to state 104


state 73

   53 PLACE: LB . str COMMA IntStringFormula RB SEMICOLON

    str  shift, and go to state 105


state 74

   50 PlacesDef: marking EQ '{' PLACES . '}' SEMICOLON
   52 PLACES: PLACES . PLACE

    LB   shift, and go to state 73
    '}'  shift, and go to state 106

    PLACE  go to state 107


state 75

   51 PLACES: PLACE .

    $default  reduce using rule 51 (PLACES)


state 76

   54 TransitionsDef: transitions EQ '{' . TRANSITIONS '}' SEMICOLON

    LB  shift, and go to state 108

    TRANSITIONS  go to state 109
    TRANSITION   go to state 110


state 77

   74 InArcs: in EQ . '{' incells '}' SEMICOLON

    '{'  shift, and go to state 111


state 78

   79 OutArcs: out . EQ '{' outcells '}' SEMICOLON

    EQ  shift, and go to state 112


state 79

   48 definitions: PlacesDef TransitionsDef InArcs OutArcs .
   49            | PlacesDef TransitionsDef InArcs OutArcs . Inhibitors

    inhibitor  shift, and go to state 113

    $default  reduce using rule 48 (definitions)

    Inhibitors  go to state 114


state 80

   43 PLabels: str .

    $default  reduce using rule 43 (PLabels)


state 81

   42 PlacesList: PList EQ '{' PLabels . '}' SEMICOLON
   44 PLabels: PLabels . COMMA str

    COMMA  shift, and go to state 115
    '}'    shift, and go to state 116


state 82

   46 TLabels: str .

    $default  reduce using rule 46 (TLabels)


state 83

   45 TransitionsList: TList EQ '{' TLabels . '}' SEMICOLON
   47 TLabels: TLabels . COMMA str

    COMMA  shift, and go to state 117
    '}'    shift, and go to state 118


state 84

    3 IntStringFormula: LB IntStringFormula . RB
    4                 | IntStringFormula . PLUS IntStringFormula
    5                 | IntStringFormula . MINUS IntStringFormula
    6                 | IntStringFormula . MUL IntStringFormula
    7                 | IntStringFormula . POWER IntStringFormula

    RB     shift, and go to state 119
    MUL    shift, and go to state 90
    PLUS   shift, and go to state 91
    MINUS  shift, and go to state 92
    POWER  shift, and go to state 93


state 85

   11 IntStringFormula: MIN LB . IntStringFormula COMMA IntStringFormula RB

    str    shift, and go to state 56
    ival   shift, and go to state 57
    LB     shift, and go to state 58
    MIN    shift, and go to state 59
    MAX    shift, and go to state 60
    FLOOR  shift, and go to state 61
    ABS    shift, and go to state 62

    IntStringFormula  go to state 120


state 86

   12 IntStringFormula: MAX LB . IntStringFormula COMMA IntStringFormula RB

    str    shift, and go to state 56
    ival   shift, and go to state 57
    LB     shift, and go to state 58
    MIN    shift, and go to state 59
    MAX    shift, and go to state 60
    FLOOR  shift, and go to state 61
    ABS    shift, and go to state 62

    IntStringFormula  go to state 121


state 87

    9 IntStringFormula: FLOOR LB . IntStringFormula RB
   10                 | FLOOR LB . IntStringFormula DIV IntStringFormula RB

    str    shift, and go to state 56
    ival   shift, and go to state 57
    LB     shift, and go to state 58
    MIN    shift, and go to state 59
    MAX    shift, and go to state 60
    FLOOR  shift, and go to state 61
    ABS    shift, and go to state 62

    IntStringFormula  go to state 122


state 88

    8 IntStringFormula: ABS LB . IntStringFormula RB

    str    shift, and go to state 56
    ival   shift, and go to state 57
    LB     shift, and go to state 58
    MIN    shift, and go to state 59
    MAX    shift, and go to state 60
    FLOOR  shift, and go to state 61
    ABS    shift, and go to state 62

    IntStringFormula  go to state 123


state 89

   34 Constant: Const INT str EQ IntStringFormula SEMICOLON .

    $default  reduce using rule 34 (Constant)


state 90

    6 IntStringFormula: IntStringFormula MUL . IntStringFormula

    str    shift, and go to state 56
    ival   shift, and go to state 57
    LB     shift, and go to state 58
    MIN    shift, and go to state 59
    MAX    shift, and go to state 60
    FLOOR  shift, and go to state 61
    ABS    shift, and go to state 62

    IntStringFormula  go to state 124


state 91

    4 IntStringFormula: IntStringFormula PLUS . IntStringFormula

    str    shift, and go to state 56
    ival   shift, and go to state 57
    LB     shift, and go to state 58
    MIN    shift, and go to state 59
    MAX    shift, and go to state 60
    FLOOR  shift, and go to state 61
    ABS    shift, and go to state 62

    IntStringFormula  go to state 125


state 92

    5 IntStringFormula: IntStringFormula MINUS . IntStringFormula

    str    shift, and go to state 56
    ival   shift, and go to state 57
    LB     shift, and go to state 58
    MIN    shift, and go to state 59
    MAX    shift, and go to state 60
    FLOOR  shift, and go to state 61
    ABS    shift, and go to state 62

    IntStringFormula  go to state 126


state 93

    7 IntStringFormula: IntStringFormula POWER . IntStringFormula

    str    shift, and go to state 56
    ival   shift, and go to state 57
    LB     shift, and go to state 58
    MIN    shift, and go to state 59
    MAX    shift, and go to state 60
    FLOOR  shift, and go to state 61
    ABS    shift, and go to state 62

    IntStringFormula  go to state 127


state 94

   16 RealStringFormula: LB RealStringFormula . RB
   17                  | RealStringFormula . DIV RealStringFormula
   18                  | RealStringFormula . PLUS RealStringFormula
   19                  | RealStringFormula . MINUS RealStringFormula
   20                  | RealStringFormula . MUL RealStringFormula
   21                  | RealStringFormula . POWER RealStringFormula

    RB     shift, and go to state 128
    DIV    shift, and go to state 100
    MUL    shift, and go to state 101
    PLUS   shift, and go to state 102
    MINUS  shift, and go to state 103
    POWER  shift, and go to state 104


state 95

   24 RealStringFormula: MIN LB . RealStringFormula COMMA RealStringFormula RB

    str    shift, and go to state 64
    rval   shift, and go to state 65
    ival   shift, and go to state 66
    LB     shift, and go to state 67
    MIN    shift, and go to state 68
    MAX    shift, and go to state 69
    FLOOR  shift, and go to state 70
    ABS    shift, and go to state 71

    RealStringFormula  go to state 129


state 96

   25 RealStringFormula: MAX LB . RealStringFormula COMMA RealStringFormula RB

    str    shift, and go to state 64
    rval   shift, and go to state 65
    ival   shift, and go to state 66
    LB     shift, and go to state 67
    MIN    shift, and go to state 68
    MAX    shift, and go to state 69
    FLOOR  shift, and go to state 70
    ABS    shift, and go to state 71

    RealStringFormula  go to state 130


state 97

   23 RealStringFormula: FLOOR LB . RealStringFormula RB

    str    shift, and go to state 64
    rval   shift, and go to state 65
    ival   shift, and go to state 66
    LB     shift, and go to state 67
    MIN    shift, and go to state 68
    MAX    shift, and go to state 69
    FLOOR  shift, and go to state 70
    ABS    shift, and go to state 71

    RealStringFormula  go to state 131


state 98

   22 RealStringFormula: ABS LB . RealStringFormula RB

    str    shift, and go to state 64
    rval   shift, and go to state 65
    ival   shift, and go to state 66
    LB     shift, and go to state 67
    MIN    shift, and go to state 68
    MAX    shift, and go to state 69
    FLOOR  shift, and go to state 70
    ABS    shift, and go to state 71

    RealStringFormula  go to state 132


state 99

   35 Constant: Const DOUBLE str EQ RealStringFormula SEMICOLON .

    $default  reduce using rule 35 (Constant)


state 100

   17 RealStringFormula: RealStringFormula DIV . RealStringFormula

    str    shift, and go to state 64
    rval   shift, and go to state 65
    ival   shift, and go to state 66
    LB     shift, and go to state 67
    MIN    shift, and go to state 68
    MAX    shift, and go to state 69
    FLOOR  shift, and go to state 70
    ABS    shift, and go to state 71

    RealStringFormula  go to state 133


state 101

   20 RealStringFormula: RealStringFormula MUL . RealStringFormula

    str    shift, and go to state 64
    rval   shift, and go to state 65
    ival   shift, and go to state 66
    LB     shift, and go to state 67
    MIN    shift, and go to state 68
    MAX    shift, and go to state 69
    FLOOR  shift, and go to state 70
    ABS    shift, and go to state 71

    RealStringFormula  go to state 134


state 102

   18 RealStringFormula: RealStringFormula PLUS . RealStringFormula

    str    shift, and go to state 64
    rval   shift, and go to state 65
    ival   shift, and go to state 66
    LB     shift, and go to state 67
    MIN    shift, and go to state 68
    MAX    shift, and go to state 69
    FLOOR  shift, and go to state 70
    ABS    shift, and go to state 71

    RealStringFormula  go to state 135


state 103

   19 RealStringFormula: RealStringFormula MINUS . RealStringFormula

    str    shift, and go to state 64
    rval   shift, and go to state 65
    ival   shift, and go to state 66
    LB     shift, and go to state 67
    MIN    shift, and go to state 68
    MAX    shift, and go to state 69
    FLOOR  shift, and go to state 70
    ABS    shift, and go to state 71

    RealStringFormula  go to state 136


state 104

   21 RealStringFormula: RealStringFormula POWER . RealStringFormula

    str    shift, and go to state 64
    rval   shift, and go to state 65
    ival   shift, and go to state 66
    LB     shift, and go to state 67
    MIN    shift, and go to state 68
    MAX    shift, and go to state 69
    FLOOR  shift, and go to state 70
    ABS    shift, and go to state 71

    RealStringFormula  go to state 137


state 105

   53 PLACE: LB str . COMMA IntStringFormula RB SEMICOLON

    COMMA  shift, and go to state 138


state 106

   50 PlacesDef: marking EQ '{' PLACES '}' . SEMICOLON

    SEMICOLON  shift, and go to state 139


state 107

   52 PLACES: PLACES PLACE .

    $default  reduce using rule 52 (PLACES)


state 108

   57 TRANSITION: LB . str COMMA dist COMMA PRIORITY COMMA WEIGHT RB SEMICOLON
   58           | LB . str COMMA dist COMMA PRIORITY COMMA WEIGHT COMMA MEMORY RB SEMICOLON
   59           | LB . str COMMA EXPO LB RealStringFormula RB COMMA PRIORITY COMMA WEIGHT COMMA SERVICE RB SEMICOLON
   60           | LB . str COMMA EXPO LB RealStringFormula RB COMMA PRIORITY COMMA WEIGHT COMMA SERVICE COMMA MEMORY RB SEMICOLON
   61           | LB . str COMMA IMDT COMMA PRIORITY COMMA WEIGHT RB SEMICOLON

    str  shift, and go to state 140


state 109

   54 TransitionsDef: transitions EQ '{' TRANSITIONS . '}' SEMICOLON
   56 TRANSITIONS: TRANSITIONS . TRANSITION

    LB   shift, and go to state 108
    '}'  shift, and go to state 141

    TRANSITION  go to state 142


state 110

   55 TRANSITIONS: TRANSITION .

    $default  reduce using rule 55 (TRANSITIONS)


state 111

   74 InArcs: in EQ '{' . incells '}' SEMICOLON

    LB  shift, and go to state 143

    incells  go to state 144
    incell   go to state 145


state 112

   79 OutArcs: out EQ . '{' outcells '}' SEMICOLON

    '{'  shift, and go to state 146


state 113

   84 Inhibitors: inhibitor . EQ '{' inhibcells '}' SEMICOLON

    EQ  shift, and go to state 147


state 114

   49 definitions: PlacesDef TransitionsDef InArcs OutArcs Inhibitors .

    $default  reduce using rule 49 (definitions)


state 115

   44 PLabels: PLabels COMMA . str

    str  shift, and go to state 148


state 116

   42 PlacesList: PList EQ '{' PLabels '}' . SEMICOLON

    SEMICOLON  shift, and go to state 149


state 117

   47 TLabels: TLabels COMMA . str

    str  shift, and go to state 150


state 118

   45 TransitionsList: TList EQ '{' TLabels '}' . SEMICOLON

    SEMICOLON  shift, and go to state 151


state 119

    3 IntStringFormula: LB IntStringFormula RB .

    $default  reduce using rule 3 (IntStringFormula)


state 120

    4 IntStringFormula: IntStringFormula . PLUS IntStringFormula
    5                 | IntStringFormula . MINUS IntStringFormula
    6                 | IntStringFormula . MUL IntStringFormula
    7                 | IntStringFormula . POWER IntStringFormula
   11                 | MIN LB IntStringFormula . COMMA IntStringFormula RB

    COMMA  shift, and go to state 152
    MUL    shift, and go to state 90
    PLUS   shift, and go to state 91
    MINUS  shift, and go to state 92
    POWER  shift, and go to state 93


state 121

    4 IntStringFormula: IntStringFormula . PLUS IntStringFormula
    5                 | IntStringFormula . MINUS IntStringFormula
    6                 | IntStringFormula . MUL IntStringFormula
    7                 | IntStringFormula . POWER IntStringFormula
   12                 | MAX LB IntStringFormula . COMMA IntStringFormula RB

    COMMA  shift, and go to state 153
    MUL    shift, and go to state 90
    PLUS   shift, and go to state 91
    MINUS  shift, and go to state 92
    POWER  shift, and go to state 93


state 122

    4 IntStringFormula: IntStringFormula . PLUS IntStringFormula
    5                 | IntStringFormula . MINUS IntStringFormula
    6                 | IntStringFormula . MUL IntStringFormula
    7                 | IntStringFormula . POWER IntStringFormula
    9                 | FLOOR LB IntStringFormula . RB
   10                 | FLOOR LB IntStringFormula . DIV IntStringFormula RB

    RB     shift, and go to state 154
    DIV    shift, and go to state 155
    MUL    shift, and go to state 90
    PLUS   shift, and go to state 91
    MINUS  shift, and go to state 92
    POWER  shift, and go to state 93


state 123

    4 IntStringFormula: IntStringFormula . PLUS IntStringFormula
    5                 | IntStringFormula . MINUS IntStringFormula
    6                 | IntStringFormula . MUL IntStringFormula
    7                 | IntStringFormula . POWER IntStringFormula
    8                 | ABS LB IntStringFormula . RB

    RB     shift, and go to state 156
    MUL    shift, and go to state 90
    PLUS   shift, and go to state 91
    MINUS  shift, and go to state 92
    POWER  shift, and go to state 93


state 124

    4 IntStringFormula: IntStringFormula . PLUS IntStringFormula
    5                 | IntStringFormula . MINUS IntStringFormula
    6                 | IntStringFormula . MUL IntStringFormula
    6                 | IntStringFormula MUL IntStringFormula .
    7                 | IntStringFormula . POWER IntStringFormula

    POWER  shift, and go to state 93

    $default  reduce using rule 6 (IntStringFormula)


state 125

    4 IntStringFormula: IntStringFormula . PLUS IntStringFormula
    4                 | IntStringFormula PLUS IntStringFormula .
    5                 | IntStringFormula . MINUS IntStringFormula
    6                 | IntStringFormula . MUL IntStringFormula
    7                 | IntStringFormula . POWER IntStringFormula

    MUL    shift, and go to state 90
    POWER  shift, and go to state 93

    $default  reduce using rule 4 (IntStringFormula)


state 126

    4 IntStringFormula: IntStringFormula . PLUS IntStringFormula
    5                 | IntStringFormula . MINUS IntStringFormula
    5                 | IntStringFormula MINUS IntStringFormula .
    6                 | IntStringFormula . MUL IntStringFormula
    7                 | IntStringFormula . POWER IntStringFormula

    MUL    shift, and go to state 90
    POWER  shift, and go to state 93

    $default  reduce using rule 5 (IntStringFormula)


state 127

    4 IntStringFormula: IntStringFormula . PLUS IntStringFormula
    5                 | IntStringFormula . MINUS IntStringFormula
    6                 | IntStringFormula . MUL IntStringFormula
    7                 | IntStringFormula . POWER IntStringFormula
    7                 | IntStringFormula POWER IntStringFormula .

    $default  reduce using rule 7 (IntStringFormula)


state 128

   16 RealStringFormula: LB RealStringFormula RB .

    $default  reduce using rule 16 (RealStringFormula)


state 129

   17 RealStringFormula: RealStringFormula . DIV RealStringFormula
   18                  | RealStringFormula . PLUS RealStringFormula
   19                  | RealStringFormula . MINUS RealStringFormula
   20                  | RealStringFormula . MUL RealStringFormula
   21                  | RealStringFormula . POWER RealStringFormula
   24                  | MIN LB RealStringFormula . COMMA RealStringFormula RB

    COMMA  shift, and go to state 157
    DIV    shift, and go to state 100
    MUL    shift, and go to state 101
    PLUS   shift, and go to state 102
    MINUS  shift, and go to state 103
    POWER  shift, and go to state 104


state 130

   17 RealStringFormula: RealStringFormula . DIV RealStringFormula
   18                  | RealStringFormula . PLUS RealStringFormula
   19                  | RealStringFormula . MINUS RealStringFormula
   20                  | RealStringFormula . MUL RealStringFormula
   21                  | RealStringFormula . POWER RealStringFormula
   25                  | MAX LB RealStringFormula . COMMA RealStringFormula RB

    COMMA  shift, and go to state 158
    DIV    shift, and go to state 100
    MUL    shift, and go to state 101
    PLUS   shift, and go to state 102
    MINUS  shift, and go to state 103
    POWER  shift, and go to state 104


state 131

   17 RealStringFormula: RealStringFormula . DIV RealStringFormula
   18                  | RealStringFormula . PLUS RealStringFormula
   19                  | RealStringFormula . MINUS RealStringFormula
   20                  | RealStringFormula . MUL RealStringFormula
   21                  | RealStringFormula . POWER RealStringFormula
   23                  | FLOOR LB RealStringFormula . RB

    RB     shift, and go to state 159
    DIV    shift, and go to state 100
    MUL    shift, and go to state 101
    PLUS   shift, and go to state 102
    MINUS  shift, and go to state 103
    POWER  shift, and go to state 104


state 132

   17 RealStringFormula: RealStringFormula . DIV RealStringFormula
   18                  | RealStringFormula . PLUS RealStringFormula
   19                  | RealStringFormula . MINUS RealStringFormula
   20                  | RealStringFormula . MUL RealStringFormula
   21                  | RealStringFormula . POWER RealStringFormula
   22                  | ABS LB RealStringFormula . RB

    RB     shift, and go to state 160
    DIV    shift, and go to state 100
    MUL    shift, and go to state 101
    PLUS   shift, and go to state 102
    MINUS  shift, and go to state 103
    POWER  shift, and go to state 104


state 133

   17 RealStringFormula: RealStringFormula . DIV RealStringFormula
   17                  | RealStringFormula DIV RealStringFormula .
   18                  | RealStringFormula . PLUS RealStringFormula
   19                  | RealStringFormula . MINUS RealStringFormula
   20                  | RealStringFormula . MUL RealStringFormula
   21                  | RealStringFormula . POWER RealStringFormula

    POWER  shift, and go to state 104

    $default  reduce using rule 17 (RealStringFormula)


state 134

   17 RealStringFormula: RealStringFormula . DIV RealStringFormula
   18                  | RealStringFormula . PLUS RealStringFormula
   19                  | RealStringFormula . MINUS RealStringFormula
   20                  | RealStringFormula . MUL RealStringFormula
   20                  | RealStringFormula MUL RealStringFormula .
   21                  | RealStringFormula . POWER RealStringFormula

    POWER  shift, and go to state 104

    $default  reduce using rule 20 (RealStringFormula)


state 135

   17 RealStringFormula: RealStringFormula . DIV RealStringFormula
   18                  | RealStringFormula . PLUS RealStringFormula
   18                  | RealStringFormula PLUS RealStringFormula .
   19                  | RealStringFormula . MINUS RealStringFormula
   20                  | RealStringFormula . MUL RealStringFormula
   21                  | RealStringFormula . POWER RealStringFormula

    DIV    shift, and go to state 100
    MUL    shift, and go to state 101
    POWER  shift, and go to state 104

    $default  reduce using rule 18 (RealStringFormula)


state 136

   17 RealStringFormula: RealStringFormula . DIV RealStringFormula
   18                  | RealStringFormula . PLUS RealStringFormula
   19                  | RealStringFormula . MINUS RealStringFormula
   19                  | RealStringFormula MINUS RealStringFormula .
   20                  | RealStringFormula . MUL RealStringFormula
   21                  | RealStringFormula . POWER RealStringFormula

    DIV    shift, and go to state 100
    MUL    shift, and go to state 101
    POWER  shift, and go to state 104

    $default  reduce using rule 19 (RealStringFormula)


state 137

   17 RealStringFormula: RealStringFormula . DIV RealStringFormula
   18                  | RealStringFormula . PLUS RealStringFormula
   19                  | RealStringFormula . MINUS RealStringFormula
   20                  | RealStringFormula . MUL RealStringFormula
   21                  | RealStringFormula . POWER RealStringFormula
   21                  | RealStringFormula POWER RealStringFormula .

    $default  reduce using rule 21 (RealStringFormula)


state 138

   53 PLACE: LB str COMMA . IntStringFormula RB SEMICOLON

    str    shift, and go to state 56
    ival   shift, and go to state 57
    LB     shift, and go to state 58
    MIN    shift, and go to state 59
    MAX    shift, and go to state 60
    FLOOR  shift, and go to state 61
    ABS    shift, and go to state 62

    IntStringFormula  go to state 161


state 139

   50 PlacesDef: marking EQ '{' PLACES '}' SEMICOLON .

    $default  reduce using rule 50 (PlacesDef)


state 140

   57 TRANSITION: LB str . COMMA dist COMMA PRIORITY COMMA WEIGHT RB SEMICOLON
   58           | LB str . COMMA dist COMMA PRIORITY COMMA WEIGHT COMMA MEMORY RB SEMICOLON
   59           | LB str . COMMA EXPO LB RealStringFormula RB COMMA PRIORITY COMMA WEIGHT COMMA SERVICE RB SEMICOLON
   60           | LB str . COMMA EXPO LB RealStringFormula RB COMMA PRIORITY COMMA WEIGHT COMMA SERVICE COMMA MEMORY RB SEMICOLON
   61           | LB str . COMMA IMDT COMMA PRIORITY COMMA WEIGHT RB SEMICOLON

    COMMA  shift, and go to state 162


state 141

   54 TransitionsDef: transitions EQ '{' TRANSITIONS '}' . SEMICOLON

    SEMICOLON  shift, and go to state 163


state 142

   56 TRANSITIONS: TRANSITIONS TRANSITION .

    $default  reduce using rule 56 (TRANSITIONS)


state 143

   77 incell: LB . str COMMA str COMMA IntStringFormula RB SEMICOLON
   78       | LB . str COMMA str RB SEMICOLON

    str  shift, and go to state 164


state 144

   74 InArcs: in EQ '{' incells . '}' SEMICOLON
   76 incells: incells . incell

    LB   shift, and go to state 143
    '}'  shift, and go to state 165

    incell  go to state 166


state 145

   75 incells: incell .

    $default  reduce using rule 75 (incells)


state 146

   79 OutArcs: out EQ '{' . outcells '}' SEMICOLON

    LB  shift, and go to state 167

    outcells  go to state 168
    outcell   go to state 169


state 147

   84 Inhibitors: inhibitor EQ . '{' inhibcells '}' SEMICOLON

    '{'  shift, and go to state 170


state 148

   44 PLabels: PLabels COMMA str .

    $default  reduce using rule 44 (PLabels)


state 149

   42 PlacesList: PList EQ '{' PLabels '}' SEMICOLON .

    $default  reduce using rule 42 (PlacesList)


state 150

   47 TLabels: TLabels COMMA str .

    $default  reduce using rule 47 (TLabels)


state 151

   45 TransitionsList: TList EQ '{' TLabels '}' SEMICOLON .

    $default  reduce using rule 45 (TransitionsList)


state 152

   11 IntStringFormula: MIN LB IntStringFormula COMMA . IntStringFormula RB

    str    shift, and go to state 56
    ival   shift, and go to state 57
    LB     shift, and go to state 58
    MIN    shift, and go to state 59
    MAX    shift, and go to state 60
    FLOOR  shift, and go to state 61
    ABS    shift, and go to state 62

    IntStringFormula  go to state 171


state 153

   12 IntStringFormula: MAX LB IntStringFormula COMMA . IntStringFormula RB

    str    shift, and go to state 56
    ival   shift, and go to state 57
    LB     shift, and go to state 58
    MIN    shift, and go to state 59
    MAX    shift, and go to state 60
    FLOOR  shift, and go to state 61
    ABS    shift, and go to state 62

    IntStringFormula  go to state 172


state 154

    9 IntStringFormula: FLOOR LB IntStringFormula RB .

    $default  reduce using rule 9 (IntStringFormula)


state 155

   10 IntStringFormula: FLOOR LB IntStringFormula DIV . IntStringFormula RB

    str    shift, and go to state 56
    ival   shift, and go to state 57
    LB     shift, and go to state 58
    MIN    shift, and go to state 59
    MAX    shift, and go to state 60
    FLOOR  shift, and go to state 61
    ABS    shift, and go to state 62

    IntStringFormula  go to state 173


state 156

    8 IntStringFormula: ABS LB IntStringFormula RB .

    $default  reduce using rule 8 (IntStringFormula)


state 157

   24 RealStringFormula: MIN LB RealStringFormula COMMA . RealStringFormula RB

    str    shift, and go to state 64
    rval   shift, and go to state 65
    ival   shift, and go to state 66
    LB     shift, and go to state 67
    MIN    shift, and go to state 68
    MAX    shift, and go to state 69
    FLOOR  shift, and go to state 70
    ABS    shift, and go to state 71

    RealStringFormula  go to state 174


state 158

   25 RealStringFormula: MAX LB RealStringFormula COMMA . RealStringFormula RB

    str    shift, and go to state 64
    rval   shift, and go to state 65
    ival   shift, and go to state 66
    LB     shift, and go to state 67
    MIN    shift, and go to state 68
    MAX    shift, and go to state 69
    FLOOR  shift, and go to state 70
    ABS    shift, and go to state 71

    RealStringFormula  go to state 175


state 159

   23 RealStringFormula: FLOOR LB RealStringFormula RB .

    $default  reduce using rule 23 (RealStringFormula)


state 160

   22 RealStringFormula: ABS LB RealStringFormula RB .

    $default  reduce using rule 22 (RealStringFormula)


state 161

    4 IntStringFormula: IntStringFormula . PLUS IntStringFormula
    5                 | IntStringFormula . MINUS IntStringFormula
    6                 | IntStringFormula . MUL IntStringFormula
    7                 | IntStringFormula . POWER IntStringFormula
   53 PLACE: LB str COMMA IntStringFormula . RB SEMICOLON

    RB     shift, and go to state 176
    MUL    shift, and go to state 90
    PLUS   shift, and go to state 91
    MINUS  shift, and go to state 92
    POWER  shift, and go to state 93


state 162

   57 TRANSITION: LB str COMMA . dist COMMA PRIORITY COMMA WEIGHT RB SEMICOLON
   58           | LB str COMMA . dist COMMA PRIORITY COMMA WEIGHT COMMA MEMORY RB SEMICOLON
   59           | LB str COMMA . EXPO LB RealStringFormula RB COMMA PRIORITY COMMA WEIGHT COMMA SERVICE RB SEMICOLON
   60           | LB str COMMA . EXPO LB RealStringFormula RB COMMA PRIORITY COMMA WEIGHT COMMA SERVICE COMMA MEMORY RB SEMICOLON
   61           | LB str COMMA . IMDT COMMA PRIORITY COMMA WEIGHT RB SEMICOLON

    str   shift, and go to state 177
    IMDT  shift, and go to state 178
    EXPO  shift, and go to state 179

    dist  go to state 180


state 163

   54 TransitionsDef: transitions EQ '{' TRANSITIONS '}' SEMICOLON .

    $default  reduce using rule 54 (TransitionsDef)


state 164

   77 incell: LB str . COMMA str COMMA IntStringFormula RB SEMICOLON
   78       | LB str . COMMA str RB SEMICOLON

    COMMA  shift, and go to state 181


state 165

   74 InArcs: in EQ '{' incells '}' . SEMICOLON

    SEMICOLON  shift, and go to state 182


state 166

   76 incells: incells incell .

    $default  reduce using rule 76 (incells)


state 167

   82 outcell: LB . str COMMA str COMMA IntStringFormula RB SEMICOLON
   83        | LB . str COMMA str RB SEMICOLON

    str  shift, and go to state 183


state 168

   79 OutArcs: out EQ '{' outcells . '}' SEMICOLON
   81 outcells: outcells . outcell

    LB   shift, and go to state 167
    '}'  shift, and go to state 184

    outcell  go to state 185


state 169

   80 outcells: outcell .

    $default  reduce using rule 80 (outcells)


state 170

   84 Inhibitors: inhibitor EQ '{' . inhibcells '}' SEMICOLON

    LB  shift, and go to state 186

    inhibcells  go to state 187
    inhibcell   go to state 188


state 171

    4 IntStringFormula: IntStringFormula . PLUS IntStringFormula
    5                 | IntStringFormula . MINUS IntStringFormula
    6                 | IntStringFormula . MUL IntStringFormula
    7                 | IntStringFormula . POWER IntStringFormula
   11                 | MIN LB IntStringFormula COMMA IntStringFormula . RB

    RB     shift, and go to state 189
    MUL    shift, and go to state 90
    PLUS   shift, and go to state 91
    MINUS  shift, and go to state 92
    POWER  shift, and go to state 93


state 172

    4 IntStringFormula: IntStringFormula . PLUS IntStringFormula
    5                 | IntStringFormula . MINUS IntStringFormula
    6                 | IntStringFormula . MUL IntStringFormula
    7                 | IntStringFormula . POWER IntStringFormula
   12                 | MAX LB IntStringFormula COMMA IntStringFormula . RB

    RB     shift, and go to state 190
    MUL    shift, and go to state 90
    PLUS   shift, and go to state 91
    MINUS  shift, and go to state 92
    POWER  shift, and go to state 93


state 173

    4 IntStringFormula: IntStringFormula . PLUS IntStringFormula
    5                 | IntStringFormula . MINUS IntStringFormula
    6                 | IntStringFormula . MUL IntStringFormula
    7                 | IntStringFormula . POWER IntStringFormula
   10                 | FLOOR LB IntStringFormula DIV IntStringFormula . RB

    RB     shift, and go to state 191
    MUL    shift, and go to state 90
    PLUS   shift, and go to state 91
    MINUS  shift, and go to state 92
    POWER  shift, and go to state 93


state 174

   17 RealStringFormula: RealStringFormula . DIV RealStringFormula
   18                  | RealStringFormula . PLUS RealStringFormula
   19                  | RealStringFormula . MINUS RealStringFormula
   20                  | RealStringFormula . MUL RealStringFormula
   21                  | RealStringFormula . POWER RealStringFormula
   24                  | MIN LB RealStringFormula COMMA RealStringFormula . RB

    RB     shift, and go to state 192
    DIV    shift, and go to state 100
    MUL    shift, and go to state 101
    PLUS   shift, and go to state 102
    MINUS  shift, and go to state 103
    POWER  shift, and go to state 104


state 175

   17 RealStringFormula: RealStringFormula . DIV RealStringFormula
   18                  | RealStringFormula . PLUS RealStringFormula
   19                  | RealStringFormula . MINUS RealStringFormula
   20                  | RealStringFormula . MUL RealStringFormula
   21                  | RealStringFormula . POWER RealStringFormula
   25                  | MAX LB RealStringFormula COMMA RealStringFormula . RB

    RB     shift, and go to state 193
    DIV    shift, and go to state 100
    MUL    shift, and go to state 101
    PLUS   shift, and go to state 102
    MINUS  shift, and go to state 103
    POWER  shift, and go to state 104


state 176

   53 PLACE: LB str COMMA IntStringFormula RB . SEMICOLON

    SEMICOLON  shift, and go to state 194


state 177

   70 dist: str . LB params RB

    LB  shift, and go to state 195


state 178

   61 TRANSITION: LB str COMMA IMDT . COMMA PRIORITY COMMA WEIGHT RB SEMICOLON

    COMMA  shift, and go to state 196


state 179

   59 TRANSITION: LB str COMMA EXPO . LB RealStringFormula RB COMMA PRIORITY COMMA WEIGHT COMMA SERVICE RB SEMICOLON
   60           | LB str COMMA EXPO . LB RealStringFormula RB COMMA PRIORITY COMMA WEIGHT COMMA SERVICE COMMA MEMORY RB SEMICOLON

    LB  shift, and go to state 197


state 180

   57 TRANSITION: LB str COMMA dist . COMMA PRIORITY COMMA WEIGHT RB SEMICOLON
   58           | LB str COMMA dist . COMMA PRIORITY COMMA WEIGHT COMMA MEMORY RB SEMICOLON

    COMMA  shift, and go to state 198


state 181

   77 incell: LB str COMMA . str COMMA IntStringFormula RB SEMICOLON
   78       | LB str COMMA . str RB SEMICOLON

    str  shift, and go to state 199


state 182

   74 InArcs: in EQ '{' incells '}' SEMICOLON .

    $default  reduce using rule 74 (InArcs)


state 183

   82 outcell: LB str . COMMA str COMMA IntStringFormula RB SEMICOLON
   83        | LB str . COMMA str RB SEMICOLON

    COMMA  shift, and go to state 200


state 184

   79 OutArcs: out EQ '{' outcells '}' . SEMICOLON

    SEMICOLON  shift, and go to state 201


state 185

   81 outcells: outcells outcell .

    $default  reduce using rule 81 (outcells)


state 186

   87 inhibcell: LB . str COMMA str COMMA IntStringFormula RB SEMICOLON
   88          | LB . str COMMA str RB SEMICOLON

    str  shift, and go to state 202


state 187

   84 Inhibitors: inhibitor EQ '{' inhibcells . '}' SEMICOLON
   86 inhibcells: inhibcells . inhibcell

    LB   shift, and go to state 186
    '}'  shift, and go to state 203

    inhibcell  go to state 204


state 188

   85 inhibcells: inhibcell .

    $default  reduce using rule 85 (inhibcells)


state 189

   11 IntStringFormula: MIN LB IntStringFormula COMMA IntStringFormula RB .

    $default  reduce using rule 11 (IntStringFormula)


state 190

   12 IntStringFormula: MAX LB IntStringFormula COMMA IntStringFormula RB .

    $default  reduce using rule 12 (IntStringFormula)


state 191

   10 IntStringFormula: FLOOR LB IntStringFormula DIV IntStringFormula RB .

    $default  reduce using rule 10 (IntStringFormula)


state 192

   24 RealStringFormula: MIN LB RealStringFormula COMMA RealStringFormula RB .

    $default  reduce using rule 24 (RealStringFormula)


state 193

   25 RealStringFormula: MAX LB RealStringFormula COMMA RealStringFormula RB .

    $default  reduce using rule 25 (RealStringFormula)


state 194

   53 PLACE: LB str COMMA IntStringFormula RB SEMICOLON .

    $default  reduce using rule 53 (PLACE)


state 195

   70 dist: str LB . params RB

    str    shift, and go to state 64
    rval   shift, and go to state 65
    ival   shift, and go to state 66
    LB     shift, and go to state 67
    MIN    shift, and go to state 68
    MAX    shift, and go to state 69
    FLOOR  shift, and go to state 70
    ABS    shift, and go to state 71

    RealStringFormula  go to state 205
    params             go to state 206
    param              go to state 207


state 196

   61 TRANSITION: LB str COMMA IMDT COMMA . PRIORITY COMMA WEIGHT RB SEMICOLON

    str    shift, and go to state 64
    rval   shift, and go to state 65
    ival   shift, and go to state 66
    LB     shift, and go to state 67
    MIN    shift, and go to state 68
    MAX    shift, and go to state 69
    FLOOR  shift, and go to state 70
    ABS    shift, and go to state 71

    RealStringFormula  go to state 208
    PRIORITY           go to state 209


state 197

   59 TRANSITION: LB str COMMA EXPO LB . RealStringFormula RB COMMA PRIORITY COMMA WEIGHT COMMA SERVICE RB SEMICOLON
   60           | LB str COMMA EXPO LB . RealStringFormula RB COMMA PRIORITY COMMA WEIGHT COMMA SERVICE COMMA MEMORY RB SEMICOLON

    str    shift, and go to state 64
    rval   shift, and go to state 65
    ival   shift, and go to state 66
    LB     shift, and go to state 67
    MIN    shift, and go to state 68
    MAX    shift, and go to state 69
    FLOOR  shift, and go to state 70
    ABS    shift, and go to state 71

    RealStringFormula  go to state 210


state 198

   57 TRANSITION: LB str COMMA dist COMMA . PRIORITY COMMA WEIGHT RB SEMICOLON
   58           | LB str COMMA dist COMMA . PRIORITY COMMA WEIGHT COMMA MEMORY RB SEMICOLON

    str    shift, and go to state 64
    rval   shift, and go to state 65
    ival   shift, and go to state 66
    LB     shift, and go to state 67
    MIN    shift, and go to state 68
    MAX    shift, and go to state 69
    FLOOR  shift, and go to state 70
    ABS    shift, and go to state 71

    RealStringFormula  go to state 208
    PRIORITY           go to state 211


state 199

   77 incell: LB str COMMA str . COMMA IntStringFormula RB SEMICOLON
   78       | LB str COMMA str . RB SEMICOLON

    COMMA  shift, and go to state 212
    RB     shift, and go to state 213


state 200

   82 outcell: LB str COMMA . str COMMA IntStringFormula RB SEMICOLON
   83        | LB str COMMA . str RB SEMICOLON

    str  shift, and go to state 214


state 201

   79 OutArcs: out EQ '{' outcells '}' SEMICOLON .

    $default  reduce using rule 79 (OutArcs)


state 202

   87 inhibcell: LB str . COMMA str COMMA IntStringFormula RB SEMICOLON
   88          | LB str . COMMA str RB SEMICOLON

    COMMA  shift, and go to state 215


state 203

   84 Inhibitors: inhibitor EQ '{' inhibcells '}' . SEMICOLON

    SEMICOLON  shift, and go to state 216


state 204

   86 inhibcells: inhibcells inhibcell .

    $default  reduce using rule 86 (inhibcells)


state 205

   17 RealStringFormula: RealStringFormula . DIV RealStringFormula
   18                  | RealStringFormula . PLUS RealStringFormula
   19                  | RealStringFormula . MINUS RealStringFormula
   20                  | RealStringFormula . MUL RealStringFormula
   21                  | RealStringFormula . POWER RealStringFormula
   73 param: RealStringFormula .

    DIV    shift, and go to state 100
    MUL    shift, and go to state 101
    PLUS   shift, and go to state 102
    MINUS  shift, and go to state 103
    POWER  shift, and go to state 104

    $default  reduce using rule 73 (param)


state 206

   70 dist: str LB params . RB
   72 params: params . COMMA param

    COMMA  shift, and go to state 217
    RB     shift, and go to state 218


state 207

   71 params: param .

    $default  reduce using rule 71 (params)


state 208

   17 RealStringFormula: RealStringFormula . DIV RealStringFormula
   18                  | RealStringFormula . PLUS RealStringFormula
   19                  | RealStringFormula . MINUS RealStringFormula
   20                  | RealStringFormula . MUL RealStringFormula
   21                  | RealStringFormula . POWER RealStringFormula
   63 PRIORITY: RealStringFormula .

    DIV    shift, and go to state 100
    MUL    shift, and go to state 101
    PLUS   shift, and go to state 102
    MINUS  shift, and go to state 103
    POWER  shift, and go to state 104

    $default  reduce using rule 63 (PRIORITY)


state 209

   61 TRANSITION: LB str COMMA IMDT COMMA PRIORITY . COMMA WEIGHT RB SEMICOLON

    COMMA  shift, and go to state 219


state 210

   17 RealStringFormula: RealStringFormula . DIV RealStringFormula
   18                  | RealStringFormula . PLUS RealStringFormula
   19                  | RealStringFormula . MINUS RealStringFormula
   20                  | RealStringFormula . MUL RealStringFormula
   21                  | RealStringFormula . POWER RealStringFormula
   59 TRANSITION: LB str COMMA EXPO LB RealStringFormula . RB COMMA PRIORITY COMMA WEIGHT COMMA SERVICE RB SEMICOLON
   60           | LB str COMMA EXPO LB RealStringFormula . RB COMMA PRIORITY COMMA WEIGHT COMMA SERVICE COMMA MEMORY RB SEMICOLON

    RB     shift, and go to state 220
    DIV    shift, and go to state 100
    MUL    shift, and go to state 101
    PLUS   shift, and go to state 102
    MINUS  shift, and go to state 103
    POWER  shift, and go to state 104


state 211

   57 TRANSITION: LB str COMMA dist COMMA PRIORITY . COMMA WEIGHT RB SEMICOLON
   58           | LB str COMMA dist COMMA PRIORITY . COMMA WEIGHT COMMA MEMORY RB SEMICOLON

    COMMA  shift, and go to state 221


state 212

   77 incell: LB str COMMA str COMMA . IntStringFormula RB SEMICOLON

    str    shift, and go to state 56
    ival   shift, and go to state 57
    LB     shift, and go to state 58
    MIN    shift, and go to state 59
    MAX    shift, and go to state 60
    FLOOR  shift, and go to state 61
    ABS    shift, and go to state 62

    IntStringFormula  go to state 222


state 213

   78 incell: LB str COMMA str RB . SEMICOLON

    SEMICOLON  shift, and go to state 223


state 214

   82 outcell: LB str COMMA str . COMMA IntStringFormula RB SEMICOLON
   83        | LB str COMMA str . RB SEMICOLON

    COMMA  shift, and go to state 224
    RB     shift, and go to state 225


state 215

   87 inhibcell: LB str COMMA . str COMMA IntStringFormula RB SEMICOLON
   88          | LB str COMMA . str RB SEMICOLON

    str  shift, and go to state 226


state 216

   84 Inhibitors: inhibitor EQ '{' inhibcells '}' SEMICOLON .

    $default  reduce using rule 84 (Inhibitors)


state 217

   72 params: params COMMA . param

    str    shift, and go to state 64
    rval   shift, and go to state 65
    ival   shift, and go to state 66
    LB     shift, and go to state 67
    MIN    shift, and go to state 68
    MAX    shift, and go to state 69
    FLOOR  shift, and go to state 70
    ABS    shift, and go to state 71

    RealStringFormula  go to state 205
    param              go to state 227


state 218

   70 dist: str LB params RB .

    $default  reduce using rule 70 (dist)


state 219

   61 TRANSITION: LB str COMMA IMDT COMMA PRIORITY COMMA . WEIGHT RB SEMICOLON

    str    shift, and go to state 64
    rval   shift, and go to state 65
    ival   shift, and go to state 66
    LB     shift, and go to state 67
    MIN    shift, and go to state 68
    MAX    shift, and go to state 69
    FLOOR  shift, and go to state 70
    ABS    shift, and go to state 71

    RealStringFormula  go to state 228
    WEIGHT             go to state 229


state 220

   59 TRANSITION: LB str COMMA EXPO LB RealStringFormula RB . COMMA PRIORITY COMMA WEIGHT COMMA SERVICE RB SEMICOLON
   60           | LB str COMMA EXPO LB RealStringFormula RB . COMMA PRIORITY COMMA WEIGHT COMMA SERVICE COMMA MEMORY RB SEMICOLON

    COMMA  shift, and go to state 230


state 221

   57 TRANSITION: LB str COMMA dist COMMA PRIORITY COMMA . WEIGHT RB SEMICOLON
   58           | LB str COMMA dist COMMA PRIORITY COMMA . WEIGHT COMMA MEMORY RB SEMICOLON

    str    shift, and go to state 64
    rval   shift, and go to state 65
    ival   shift, and go to state 66
    LB     shift, and go to state 67
    MIN    shift, and go to state 68
    MAX    shift, and go to state 69
    FLOOR  shift, and go to state 70
    ABS    shift, and go to state 71

    RealStringFormula  go to state 228
    WEIGHT             go to state 231


state 222

    4 IntStringFormula: IntStringFormula . PLUS IntStringFormula
    5                 | IntStringFormula . MINUS IntStringFormula
    6                 | IntStringFormula . MUL IntStringFormula
    7                 | IntStringFormula . POWER IntStringFormula
   77 incell: LB str COMMA str COMMA IntStringFormula . RB SEMICOLON

    RB     shift, and go to state 232
    MUL    shift, and go to state 90
    PLUS   shift, and go to state 91
    MINUS  shift, and go to state 92
    POWER  shift, and go to state 93


state 223

   78 incell: LB str COMMA str RB SEMICOLON .

    $default  reduce using rule 78 (incell)


state 224

   82 outcell: LB str COMMA str COMMA . IntStringFormula RB SEMICOLON

    str    shift, and go to state 56
    ival   shift, and go to state 57
    LB     shift, and go to state 58
    MIN    shift, and go to state 59
    MAX    shift, and go to state 60
    FLOOR  shift, and go to state 61
    ABS    shift, and go to state 62

    IntStringFormula  go to state 233


state 225

   83 outcell: LB str COMMA str RB . SEMICOLON

    SEMICOLON  shift, and go to state 234


state 226

   87 inhibcell: LB str COMMA str . COMMA IntStringFormula RB SEMICOLON
   88          | LB str COMMA str . RB SEMICOLON

    COMMA  shift, and go to state 235
    RB     shift, and go to state 236


state 227

   72 params: params COMMA param .

    $default  reduce using rule 72 (params)


state 228

   17 RealStringFormula: RealStringFormula . DIV RealStringFormula
   18                  | RealStringFormula . PLUS RealStringFormula
   19                  | RealStringFormula . MINUS RealStringFormula
   20                  | RealStringFormula . MUL RealStringFormula
   21                  | RealStringFormula . POWER RealStringFormula
   62 WEIGHT: RealStringFormula .

    DIV    shift, and go to state 100
    MUL    shift, and go to state 101
    PLUS   shift, and go to state 102
    MINUS  shift, and go to state 103
    POWER  shift, and go to state 104

    $default  reduce using rule 62 (WEIGHT)


state 229

   61 TRANSITION: LB str COMMA IMDT COMMA PRIORITY COMMA WEIGHT . RB SEMICOLON

    RB  shift, and go to state 237


state 230

   59 TRANSITION: LB str COMMA EXPO LB RealStringFormula RB COMMA . PRIORITY COMMA WEIGHT COMMA SERVICE RB SEMICOLON
   60           | LB str COMMA EXPO LB RealStringFormula RB COMMA . PRIORITY COMMA WEIGHT COMMA SERVICE COMMA MEMORY RB SEMICOLON

    str    shift, and go to state 64
    rval   shift, and go to state 65
    ival   shift, and go to state 66
    LB     shift, and go to state 67
    MIN    shift, and go to state 68
    MAX    shift, and go to state 69
    FLOOR  shift, and go to state 70
    ABS    shift, and go to state 71

    RealStringFormula  go to state 208
    PRIORITY           go to state 238


state 231

   57 TRANSITION: LB str COMMA dist COMMA PRIORITY COMMA WEIGHT . RB SEMICOLON
   58           | LB str COMMA dist COMMA PRIORITY COMMA WEIGHT . COMMA MEMORY RB SEMICOLON

    COMMA  shift, and go to state 239
    RB     shift, and go to state 240


state 232

   77 incell: LB str COMMA str COMMA IntStringFormula RB . SEMICOLON

    SEMICOLON  shift, and go to state 241


state 233

    4 IntStringFormula: IntStringFormula . PLUS IntStringFormula
    5                 | IntStringFormula . MINUS IntStringFormula
    6                 | IntStringFormula . MUL IntStringFormula
    7                 | IntStringFormula . POWER IntStringFormula
   82 outcell: LB str COMMA str COMMA IntStringFormula . RB SEMICOLON

    RB     shift, and go to state 242
    MUL    shift, and go to state 90
    PLUS   shift, and go to state 91
    MINUS  shift, and go to state 92
    POWER  shift, and go to state 93


state 234

   83 outcell: LB str COMMA str RB SEMICOLON .

    $default  reduce using rule 83 (outcell)


state 235

   87 inhibcell: LB str COMMA str COMMA . IntStringFormula RB SEMICOLON

    str    shift, and go to state 56
    ival   shift, and go to state 57
    LB     shift, and go to state 58
    MIN    shift, and go to state 59
    MAX    shift, and go to state 60
    FLOOR  shift, and go to state 61
    ABS    shift, and go to state 62

    IntStringFormula  go to state 243


state 236

   88 inhibcell: LB str COMMA str RB . SEMICOLON

    SEMICOLON  shift, and go to state 244


state 237

   61 TRANSITION: LB str COMMA IMDT COMMA PRIORITY COMMA WEIGHT RB . SEMICOLON

    SEMICOLON  shift, and go to state 245


state 238

   59 TRANSITION: LB str COMMA EXPO LB RealStringFormula RB COMMA PRIORITY . COMMA WEIGHT COMMA SERVICE RB SEMICOLON
   60           | LB str COMMA EXPO LB RealStringFormula RB COMMA PRIORITY . COMMA WEIGHT COMMA SERVICE COMMA MEMORY RB SEMICOLON

    COMMA  shift, and go to state 246


state 239

   58 TRANSITION: LB str COMMA dist COMMA PRIORITY COMMA WEIGHT COMMA . MEMORY RB SEMICOLON

    ENABLINGMEMORY  shift, and go to state 247
    AGEMEMORY       shift, and go to state 248

    MEMORY  go to state 249


state 240

   57 TRANSITION: LB str COMMA dist COMMA PRIORITY COMMA WEIGHT RB . SEMICOLON

    SEMICOLON  shift, and go to state 250


state 241

   77 incell: LB str COMMA str COMMA IntStringFormula RB SEMICOLON .

    $default  reduce using rule 77 (incell)


state 242

   82 outcell: LB str COMMA str COMMA IntStringFormula RB . SEMICOLON

    SEMICOLON  shift, and go to state 251


state 243

    4 IntStringFormula: IntStringFormula . PLUS IntStringFormula
    5                 | IntStringFormula . MINUS IntStringFormula
    6                 | IntStringFormula . MUL IntStringFormula
    7                 | IntStringFormula . POWER IntStringFormula
   87 inhibcell: LB str COMMA str COMMA IntStringFormula . RB SEMICOLON

    RB     shift, and go to state 252
    MUL    shift, and go to state 90
    PLUS   shift, and go to state 91
    MINUS  shift, and go to state 92
    POWER  shift, and go to state 93


state 244

   88 inhibcell: LB str COMMA str RB SEMICOLON .

    $default  reduce using rule 88 (inhibcell)


state 245

   61 TRANSITION: LB str COMMA IMDT COMMA PRIORITY COMMA WEIGHT RB SEMICOLON .

    $default  reduce using rule 61 (TRANSITION)


state 246

   59 TRANSITION: LB str COMMA EXPO LB RealStringFormula RB COMMA PRIORITY COMMA . WEIGHT COMMA SERVICE RB SEMICOLON
   60           | LB str COMMA EXPO LB RealStringFormula RB COMMA PRIORITY COMMA . WEIGHT COMMA SERVICE COMMA MEMORY RB SEMICOLON

    str    shift, and go to state 64
    rval   shift, and go to state 65
    ival   shift, and go to state 66
    LB     shift, and go to state 67
    MIN    shift, and go to state 68
    MAX    shift, and go to state 69
    FLOOR  shift, and go to state 70
    ABS    shift, and go to state 71

    RealStringFormula  go to state 228
    WEIGHT             go to state 253


state 247

   69 MEMORY: ENABLINGMEMORY .

    $default  reduce using rule 69 (MEMORY)


state 248

   68 MEMORY: AGEMEMORY .

    $default  reduce using rule 68 (MEMORY)


state 249

   58 TRANSITION: LB str COMMA dist COMMA PRIORITY COMMA WEIGHT COMMA MEMORY . RB SEMICOLON

    RB  shift, and go to state 254


state 250

   57 TRANSITION: LB str COMMA dist COMMA PRIORITY COMMA WEIGHT RB SEMICOLON .

    $default  reduce using rule 57 (TRANSITION)


state 251

   82 outcell: LB str COMMA str COMMA IntStringFormula RB SEMICOLON .

    $default  reduce using rule 82 (outcell)


state 252

   87 inhibcell: LB str COMMA str COMMA IntStringFormula RB . SEMICOLON

    SEMICOLON  shift, and go to state 255


state 253

   59 TRANSITION: LB str COMMA EXPO LB RealStringFormula RB COMMA PRIORITY COMMA WEIGHT . COMMA SERVICE RB SEMICOLON
   60           | LB str COMMA EXPO LB RealStringFormula RB COMMA PRIORITY COMMA WEIGHT . COMMA SERVICE COMMA MEMORY RB SEMICOLON

    COMMA  shift, and go to state 256


state 254

   58 TRANSITION: LB str COMMA dist COMMA PRIORITY COMMA WEIGHT COMMA MEMORY RB . SEMICOLON

    SEMICOLON  shift, and go to state 257


state 255

   87 inhibcell: LB str COMMA str COMMA IntStringFormula RB SEMICOLON .

    $default  reduce using rule 87 (inhibcell)


state 256

   59 TRANSITION: LB str COMMA EXPO LB RealStringFormula RB COMMA PRIORITY COMMA WEIGHT COMMA . SERVICE RB SEMICOLON
   60           | LB str COMMA EXPO LB RealStringFormula RB COMMA PRIORITY COMMA WEIGHT COMMA . SERVICE COMMA MEMORY RB SEMICOLON

    SINGLE    shift, and go to state 258
    INFINITE  shift, and go to state 259
    MULTIPLE  shift, and go to state 260

    SERVICE  go to state 261


state 257

   58 TRANSITION: LB str COMMA dist COMMA PRIORITY COMMA WEIGHT COMMA MEMORY RB SEMICOLON .

    $default  reduce using rule 58 (TRANSITION)


state 258

   64 SERVICE: SINGLE .

    $default  reduce using rule 64 (SERVICE)


state 259

   65 SERVICE: INFINITE .

    $default  reduce using rule 65 (SERVICE)


state 260

   66 SERVICE: MULTIPLE . LB ival RB
   67        | MULTIPLE . LB str RB

    LB  shift, and go to state 262


state 261

   59 TRANSITION: LB str COMMA EXPO LB RealStringFormula RB COMMA PRIORITY COMMA WEIGHT COMMA SERVICE . RB SEMICOLON
   60           | LB str COMMA EXPO LB RealStringFormula RB COMMA PRIORITY COMMA WEIGHT COMMA SERVICE . COMMA MEMORY RB SEMICOLON

    COMMA  shift, and go to state 263
    RB     shift, and go to state 264


state 262

   66 SERVICE: MULTIPLE LB . ival RB
   67        | MULTIPLE LB . str RB

    str   shift, and go to state 265
    ival  shift, and go to state 266


state 263

   60 TRANSITION: LB str COMMA EXPO LB RealStringFormula RB COMMA PRIORITY COMMA WEIGHT COMMA SERVICE COMMA . MEMORY RB SEMICOLON

    ENABLINGMEMORY  shift, and go to state 247
    AGEMEMORY       shift, and go to state 248

    MEMORY  go to state 267


state 264

   59 TRANSITION: LB str COMMA EXPO LB RealStringFormula RB COMMA PRIORITY COMMA WEIGHT COMMA SERVICE RB . SEMICOLON

    SEMICOLON  shift, and go to state 268


state 265

   67 SERVICE: MULTIPLE LB str . RB

    RB  shift, and go to state 269


state 266

   66 SERVICE: MULTIPLE LB ival . RB

    RB  shift, and go to state 270


state 267

   60 TRANSITION: LB str COMMA EXPO LB RealStringFormula RB COMMA PRIORITY COMMA WEIGHT COMMA SERVICE COMMA MEMORY . RB SEMICOLON

    RB  shift, and go to state 271


state 268

   59 TRANSITION: LB str COMMA EXPO LB RealStringFormula RB COMMA PRIORITY COMMA WEIGHT COMMA SERVICE RB SEMICOLON .

    $default  reduce using rule 59 (TRANSITION)


state 269

   67 SERVICE: MULTIPLE LB str RB .

    $default  reduce using rule 67 (SERVICE)


state 270

   66 SERVICE: MULTIPLE LB ival RB .

    $default  reduce using rule 66 (SERVICE)


state 271

   60 TRANSITION: LB str COMMA EXPO LB RealStringFormula RB COMMA PRIORITY COMMA WEIGHT COMMA SERVICE COMMA MEMORY RB . SEMICOLON

    SEMICOLON  shift, and go to state 272


state 272

   60 TRANSITION: LB str COMMA EXPO LB RealStringFormula RB COMMA PRIORITY COMMA WEIGHT COMMA SERVICE COMMA MEMORY RB SEMICOLON .

    $default  reduce using rule 60 (TRANSITION)
